<?xml version="1.0" encoding="UTF-8"?>
<!-- Generated by org.testng.reporters.JUnitXMLReporter -->
<testsuite hostname="QT-INBG-LT0897" failures="2" tests="2" name="TestonChrome" time="0.716" errors="0" timestamp="1 Jul 2021 17:22:56 GMT">
  <testcase classname="store_Testcase.Login" name="loginCheckEdge" time="0.699">
    <failure type="org.testng.TestNGException" message="
The data provider is trying to pass 1 parameters but the method store_Testcase.Login#loginCheckEdge takes 2 and TestNG is unable in inject a suitable object">
      <![CDATA[org.testng.TestNGException: 
The data provider is trying to pass 1 parameters but the method store_Testcase.Login#loginCheckEdge takes 2 and TestNG is unable in inject a suitable object
	at java.base/java.util.concurrent.ThreadPoolExecutor.runWorker(ThreadPoolExecutor.java:1130)
	at java.base/java.util.concurrent.ThreadPoolExecutor$Worker.run(ThreadPoolExecutor.java:630)
	at java.base/java.lang.Thread.run(Thread.java:832)
Caused by: java.lang.ArrayIndexOutOfBoundsException: Index 1 out of bounds for length 1
	... 6 more
... Removed 5 stack frames]]>
    </failure>
  </testcase> <!-- loginCheckEdge -->
  <testcase classname="store_Testcase.Login" name="loginCheckChrome" time="0.699">
    <failure type="org.testng.TestNGException" message="
The data provider is trying to pass 1 parameters but the method store_Testcase.Login#loginCheckChrome takes 2 and TestNG is unable in inject a suitable object">
      <![CDATA[org.testng.TestNGException: 
The data provider is trying to pass 1 parameters but the method store_Testcase.Login#loginCheckChrome takes 2 and TestNG is unable in inject a suitable object
	at java.base/java.util.concurrent.ThreadPoolExecutor.runWorker(ThreadPoolExecutor.java:1130)
	at java.base/java.util.concurrent.ThreadPoolExecutor$Worker.run(ThreadPoolExecutor.java:630)
	at java.base/java.lang.Thread.run(Thread.java:832)
Caused by: java.lang.ArrayIndexOutOfBoundsException: Index 1 out of bounds for length 1
	... 6 more
... Removed 5 stack frames]]>
    </failure>
  </testcase> <!-- loginCheckChrome -->
</testsuite> <!-- TestonChrome -->
